<?xml version="1.0" encoding="UTF-8"?>
<!-- Generated by org.testng.reporters.JUnitReportReporter -->
<testsuite hostname="RANJITH" failures="0" tests="1" name="testScriptsRegression.TestScriptRegression1" time="28.223" errors="0" timestamp="2022-10-08T22:50:38 IST" skipped="0">
  <testcase classname="testScriptsRegression.TestScriptRegression1" name="verifyAndValidation" time="28.223"/>
  <system-out/>
</testsuite> <!-- testScriptsRegression.TestScriptRegression1 -->
